[0.008s] Invoking command in '/home/chandhan/Documents/ros2/control_ws/build/control_pkg': CMAKE_PREFIX_PATH=${CMAKE_PREFIX_PATH}:/opt/ros/jazzy DEBUGINFOD_URLS=https://debuginfod.ubuntu.com /usr/bin/cmake --build /home/chandhan/Documents/ros2/control_ws/build/control_pkg -- -j16 -l16
[0.028s] -- Found ament_cmake: 2.5.4 (/opt/ros/jazzy/share/ament_cmake/cmake)
[0.178s] -- Override CMake install command with custom implementation using symlinks instead of copying resources
[0.184s] -- Found ament_lint_auto: 0.17.2 (/opt/ros/jazzy/share/ament_lint_auto/cmake)
[0.252s] -- Added test 'flake8' to check Python code syntax and style conventions
[0.252s] -- Configured 'flake8' exclude dirs and/or files: 
[0.252s] -- Added test 'lint_cmake' to check CMake code style
[0.252s] -- Added test 'pep257' to check Python code against some of the docstring style conventions in PEP 257
[0.254s] -- Added test 'xmllint' to check XML markup files
[0.255s] -- Configuring done (0.2s)
[0.258s] -- Generating done (0.0s)
[0.259s] -- Build files have been written to: /home/chandhan/Documents/ros2/control_ws/build/control_pkg
[0.279s] Invoked command in '/home/chandhan/Documents/ros2/control_ws/build/control_pkg' returned '0': CMAKE_PREFIX_PATH=${CMAKE_PREFIX_PATH}:/opt/ros/jazzy DEBUGINFOD_URLS=https://debuginfod.ubuntu.com /usr/bin/cmake --build /home/chandhan/Documents/ros2/control_ws/build/control_pkg -- -j16 -l16
[0.287s] Invoking command in '/home/chandhan/Documents/ros2/control_ws/build/control_pkg': CMAKE_PREFIX_PATH=${CMAKE_PREFIX_PATH}:/opt/ros/jazzy DEBUGINFOD_URLS=https://debuginfod.ubuntu.com /usr/bin/cmake --install /home/chandhan/Documents/ros2/control_ws/build/control_pkg
[0.293s] -- Install configuration: ""
[0.293s] -- Execute custom install script
[0.293s] -- Up-to-date symlink: /home/chandhan/Documents/ros2/control_ws/install/control_pkg/share/ament_index/resource_index/package_run_dependencies/control_pkg
[0.293s] -- Up-to-date symlink: /home/chandhan/Documents/ros2/control_ws/install/control_pkg/share/ament_index/resource_index/parent_prefix_path/control_pkg
[0.293s] -- Up-to-date symlink: /home/chandhan/Documents/ros2/control_ws/install/control_pkg/share/control_pkg/environment/ament_prefix_path.sh
[0.294s] -- Up-to-date symlink: /home/chandhan/Documents/ros2/control_ws/install/control_pkg/share/control_pkg/environment/ament_prefix_path.dsv
[0.294s] -- Up-to-date symlink: /home/chandhan/Documents/ros2/control_ws/install/control_pkg/share/control_pkg/environment/path.sh
[0.294s] -- Up-to-date symlink: /home/chandhan/Documents/ros2/control_ws/install/control_pkg/share/control_pkg/environment/path.dsv
[0.294s] -- Up-to-date symlink: /home/chandhan/Documents/ros2/control_ws/install/control_pkg/share/control_pkg/local_setup.bash
[0.294s] -- Up-to-date symlink: /home/chandhan/Documents/ros2/control_ws/install/control_pkg/share/control_pkg/local_setup.sh
[0.294s] -- Up-to-date symlink: /home/chandhan/Documents/ros2/control_ws/install/control_pkg/share/control_pkg/local_setup.zsh
[0.294s] -- Up-to-date symlink: /home/chandhan/Documents/ros2/control_ws/install/control_pkg/share/control_pkg/local_setup.dsv
[0.294s] -- Symlinking: /home/chandhan/Documents/ros2/control_ws/install/control_pkg/share/control_pkg/package.dsv
[0.302s] -- Up-to-date symlink: /home/chandhan/Documents/ros2/control_ws/install/control_pkg/share/ament_index/resource_index/packages/control_pkg
[0.302s] -- Up-to-date symlink: /home/chandhan/Documents/ros2/control_ws/install/control_pkg/share/control_pkg/cmake/control_pkgConfig.cmake
[0.302s] -- Up-to-date symlink: /home/chandhan/Documents/ros2/control_ws/install/control_pkg/share/control_pkg/cmake/control_pkgConfig-version.cmake
[0.302s] -- Up-to-date symlink: /home/chandhan/Documents/ros2/control_ws/install/control_pkg/share/control_pkg/package.xml
[0.304s] Invoked command in '/home/chandhan/Documents/ros2/control_ws/build/control_pkg' returned '0': CMAKE_PREFIX_PATH=${CMAKE_PREFIX_PATH}:/opt/ros/jazzy DEBUGINFOD_URLS=https://debuginfod.ubuntu.com /usr/bin/cmake --install /home/chandhan/Documents/ros2/control_ws/build/control_pkg
