[0.106s] DEBUG:colcon:Command line arguments: ['/usr/bin/colcon', 'build', '--packages-select', 'cpp_pkg']
[0.106s] DEBUG:colcon:Parsed command line arguments: Namespace(log_base=None, log_level=None, verb_name='build', build_base='build', install_base='install', merge_install=False, symlink_install=False, test_result_base=None, continue_on_error=False, executor='parallel', parallel_workers=16, event_handlers=None, ignore_user_meta=False, metas=['./colcon.meta'], base_paths=['.'], packages_ignore=None, packages_ignore_regex=None, paths=None, packages_up_to=None, packages_up_to_regex=None, packages_above=None, packages_above_and_dependencies=None, packages_above_depth=None, packages_select_by_dep=None, packages_skip_by_dep=None, packages_skip_up_to=None, packages_select_build_failed=False, packages_skip_build_finished=False, packages_select_test_failures=False, packages_skip_test_passed=False, packages_select=['cpp_pkg'], packages_skip=None, packages_select_regex=None, packages_skip_regex=None, packages_start=None, packages_end=None, allow_overriding=[], cmake_args=None, cmake_target=None, cmake_target_skip_unavailable=False, cmake_clean_cache=False, cmake_clean_first=False, cmake_force_configure=False, ament_cmake_args=None, catkin_cmake_args=None, catkin_skip_building_tests=False, mixin_files=None, mixin=None, verb_parser=<colcon_mixin.mixin.mixin_argument.MixinArgumentDecorator object at 0x750600a73c80>, verb_extension=<colcon_core.verb.build.BuildVerb object at 0x750600a11b50>, main=<bound method BuildVerb.main of <colcon_core.verb.build.BuildVerb object at 0x750600a11b50>>, mixin_verb=('build',))
[0.146s] Level 1:colcon.colcon_core.package_discovery:discover_packages(colcon_meta) check parameters
[0.146s] Level 1:colcon.colcon_core.package_discovery:discover_packages(recursive) check parameters
[0.146s] Level 1:colcon.colcon_core.package_discovery:discover_packages(ignore) check parameters
[0.146s] Level 1:colcon.colcon_core.package_discovery:discover_packages(path) check parameters
[0.146s] Level 1:colcon.colcon_core.package_discovery:discover_packages(colcon_meta) discover
[0.146s] Level 1:colcon.colcon_core.package_discovery:discover_packages(recursive) discover
[0.146s] INFO:colcon.colcon_core.package_discovery:Crawling recursively for packages in '/home/chandhan/Documents/ros2/cpp_ws'
[0.146s] Level 1:colcon.colcon_core.package_identification:_identify(.) by extensions ['ignore', 'ignore_ament_install']
[0.146s] Level 1:colcon.colcon_core.package_identification:_identify(.) by extension 'ignore'
[0.146s] Level 1:colcon.colcon_core.package_identification:_identify(.) by extension 'ignore_ament_install'
[0.146s] Level 1:colcon.colcon_core.package_identification:_identify(.) by extensions ['colcon_pkg']
[0.146s] Level 1:colcon.colcon_core.package_identification:_identify(.) by extension 'colcon_pkg'
[0.146s] Level 1:colcon.colcon_core.package_identification:_identify(.) by extensions ['colcon_meta']
[0.146s] Level 1:colcon.colcon_core.package_identification:_identify(.) by extension 'colcon_meta'
[0.146s] Level 1:colcon.colcon_core.package_identification:_identify(.) by extensions ['ros']
[0.146s] Level 1:colcon.colcon_core.package_identification:_identify(.) by extension 'ros'
[0.171s] Level 1:colcon.colcon_core.package_identification:_identify(.) by extensions ['cmake', 'python']
[0.171s] Level 1:colcon.colcon_core.package_identification:_identify(.) by extension 'cmake'
[0.171s] Level 1:colcon.colcon_core.package_identification:_identify(.) by extension 'python'
[0.171s] Level 1:colcon.colcon_core.package_identification:_identify(.) by extensions ['python_setup_py']
[0.171s] Level 1:colcon.colcon_core.package_identification:_identify(.) by extension 'python_setup_py'
[0.171s] Level 1:colcon.colcon_core.package_identification:_identify(build) by extensions ['ignore', 'ignore_ament_install']
[0.171s] Level 1:colcon.colcon_core.package_identification:_identify(build) by extension 'ignore'
[0.171s] Level 1:colcon.colcon_core.package_identification:_identify(build) ignored
[0.172s] Level 1:colcon.colcon_core.package_identification:_identify(install) by extensions ['ignore', 'ignore_ament_install']
[0.172s] Level 1:colcon.colcon_core.package_identification:_identify(install) by extension 'ignore'
[0.172s] Level 1:colcon.colcon_core.package_identification:_identify(install) ignored
[0.172s] Level 1:colcon.colcon_core.package_identification:_identify(log) by extensions ['ignore', 'ignore_ament_install']
[0.172s] Level 1:colcon.colcon_core.package_identification:_identify(log) by extension 'ignore'
[0.172s] Level 1:colcon.colcon_core.package_identification:_identify(log) ignored
[0.172s] Level 1:colcon.colcon_core.package_identification:_identify(src) by extensions ['ignore', 'ignore_ament_install']
[0.172s] Level 1:colcon.colcon_core.package_identification:_identify(src) by extension 'ignore'
[0.172s] Level 1:colcon.colcon_core.package_identification:_identify(src) by extension 'ignore_ament_install'
[0.172s] Level 1:colcon.colcon_core.package_identification:_identify(src) by extensions ['colcon_pkg']
[0.172s] Level 1:colcon.colcon_core.package_identification:_identify(src) by extension 'colcon_pkg'
[0.172s] Level 1:colcon.colcon_core.package_identification:_identify(src) by extensions ['colcon_meta']
[0.172s] Level 1:colcon.colcon_core.package_identification:_identify(src) by extension 'colcon_meta'
[0.172s] Level 1:colcon.colcon_core.package_identification:_identify(src) by extensions ['ros']
[0.172s] Level 1:colcon.colcon_core.package_identification:_identify(src) by extension 'ros'
[0.172s] Level 1:colcon.colcon_core.package_identification:_identify(src) by extensions ['cmake', 'python']
[0.172s] Level 1:colcon.colcon_core.package_identification:_identify(src) by extension 'cmake'
[0.172s] Level 1:colcon.colcon_core.package_identification:_identify(src) by extension 'python'
[0.173s] Level 1:colcon.colcon_core.package_identification:_identify(src) by extensions ['python_setup_py']
[0.173s] Level 1:colcon.colcon_core.package_identification:_identify(src) by extension 'python_setup_py'
[0.173s] Level 1:colcon.colcon_core.package_identification:_identify(src/build) by extensions ['ignore', 'ignore_ament_install']
[0.173s] Level 1:colcon.colcon_core.package_identification:_identify(src/build) by extension 'ignore'
[0.173s] Level 1:colcon.colcon_core.package_identification:_identify(src/build) ignored
[0.173s] Level 1:colcon.colcon_core.package_identification:_identify(src/cpp_pkg) by extensions ['ignore', 'ignore_ament_install']
[0.173s] Level 1:colcon.colcon_core.package_identification:_identify(src/cpp_pkg) by extension 'ignore'
[0.173s] Level 1:colcon.colcon_core.package_identification:_identify(src/cpp_pkg) by extension 'ignore_ament_install'
[0.173s] Level 1:colcon.colcon_core.package_identification:_identify(src/cpp_pkg) by extensions ['colcon_pkg']
[0.173s] Level 1:colcon.colcon_core.package_identification:_identify(src/cpp_pkg) by extension 'colcon_pkg'
[0.173s] Level 1:colcon.colcon_core.package_identification:_identify(src/cpp_pkg) by extensions ['colcon_meta']
[0.173s] Level 1:colcon.colcon_core.package_identification:_identify(src/cpp_pkg) by extension 'colcon_meta'
[0.173s] Level 1:colcon.colcon_core.package_identification:_identify(src/cpp_pkg) by extensions ['ros']
[0.173s] Level 1:colcon.colcon_core.package_identification:_identify(src/cpp_pkg) by extension 'ros'
[0.175s] DEBUG:colcon.colcon_core.package_identification:Package 'src/cpp_pkg' with type 'ros.ament_cmake' and name 'cpp_pkg'
[0.175s] Level 1:colcon.colcon_core.package_identification:_identify(src/install) by extensions ['ignore', 'ignore_ament_install']
[0.176s] Level 1:colcon.colcon_core.package_identification:_identify(src/install) by extension 'ignore'
[0.176s] Level 1:colcon.colcon_core.package_identification:_identify(src/install) ignored
[0.176s] Level 1:colcon.colcon_core.package_identification:_identify(src/log) by extensions ['ignore', 'ignore_ament_install']
[0.176s] Level 1:colcon.colcon_core.package_identification:_identify(src/log) by extension 'ignore'
[0.176s] Level 1:colcon.colcon_core.package_identification:_identify(src/log) ignored
[0.176s] Level 1:colcon.colcon_core.package_discovery:discover_packages(recursive) using defaults
[0.176s] Level 1:colcon.colcon_core.package_discovery:discover_packages(ignore) discover
[0.176s] Level 1:colcon.colcon_core.package_discovery:discover_packages(ignore) using defaults
[0.176s] Level 1:colcon.colcon_core.package_discovery:discover_packages(path) discover
[0.176s] Level 1:colcon.colcon_core.package_discovery:discover_packages(path) using defaults
[0.192s] Level 1:colcon.colcon_core.package_discovery:discover_packages(prefix_path) check parameters
[0.192s] Level 1:colcon.colcon_core.package_discovery:discover_packages(prefix_path) discover
[0.194s] DEBUG:colcon.colcon_installed_package_information.package_discovery:Found 1 installed packages in /home/chandhan/Documents/ros2/cpp_ws/install
[0.196s] DEBUG:colcon.colcon_installed_package_information.package_discovery:Found 285 installed packages in /opt/ros/jazzy
[0.197s] Level 1:colcon.colcon_core.package_discovery:discover_packages(prefix_path) using defaults
[0.241s] Level 5:colcon.colcon_core.verb:set package 'cpp_pkg' build argument 'cmake_args' from command line to 'None'
[0.241s] Level 5:colcon.colcon_core.verb:set package 'cpp_pkg' build argument 'cmake_target' from command line to 'None'
[0.241s] Level 5:colcon.colcon_core.verb:set package 'cpp_pkg' build argument 'cmake_target_skip_unavailable' from command line to 'False'
[0.241s] Level 5:colcon.colcon_core.verb:set package 'cpp_pkg' build argument 'cmake_clean_cache' from command line to 'False'
[0.241s] Level 5:colcon.colcon_core.verb:set package 'cpp_pkg' build argument 'cmake_clean_first' from command line to 'False'
[0.241s] Level 5:colcon.colcon_core.verb:set package 'cpp_pkg' build argument 'cmake_force_configure' from command line to 'False'
[0.241s] Level 5:colcon.colcon_core.verb:set package 'cpp_pkg' build argument 'ament_cmake_args' from command line to 'None'
[0.241s] Level 5:colcon.colcon_core.verb:set package 'cpp_pkg' build argument 'catkin_cmake_args' from command line to 'None'
[0.241s] Level 5:colcon.colcon_core.verb:set package 'cpp_pkg' build argument 'catkin_skip_building_tests' from command line to 'False'
[0.241s] DEBUG:colcon.colcon_core.verb:Building package 'cpp_pkg' with the following arguments: {'ament_cmake_args': None, 'build_base': '/home/chandhan/Documents/ros2/cpp_ws/build/cpp_pkg', 'catkin_cmake_args': None, 'catkin_skip_building_tests': False, 'cmake_args': None, 'cmake_clean_cache': False, 'cmake_clean_first': False, 'cmake_force_configure': False, 'cmake_target': None, 'cmake_target_skip_unavailable': False, 'install_base': '/home/chandhan/Documents/ros2/cpp_ws/install/cpp_pkg', 'merge_install': False, 'path': '/home/chandhan/Documents/ros2/cpp_ws/src/cpp_pkg', 'symlink_install': False, 'test_result_base': None}
[0.241s] INFO:colcon.colcon_core.executor:Executing jobs using 'parallel' executor
[0.242s] DEBUG:colcon.colcon_parallel_executor.executor.parallel:run_until_complete
[0.242s] INFO:colcon.colcon_ros.task.ament_cmake.build:Building ROS package in '/home/chandhan/Documents/ros2/cpp_ws/src/cpp_pkg' with build type 'ament_cmake'
[0.242s] INFO:colcon.colcon_cmake.task.cmake.build:Building CMake package in '/home/chandhan/Documents/ros2/cpp_ws/src/cpp_pkg'
[0.244s] INFO:colcon.colcon_core.plugin_system:Skipping extension 'colcon_core.shell.bat': Not used on non-Windows systems
[0.244s] INFO:colcon.colcon_core.shell:Skip shell extension 'powershell' for command environment: Not usable outside of PowerShell
[0.244s] DEBUG:colcon.colcon_core.shell:Skip shell extension 'dsv' for command environment
[0.254s] DEBUG:colcon.colcon_core.event_handler.log_command:Invoking command in '/home/chandhan/Documents/ros2/cpp_ws/build/cpp_pkg': CMAKE_PREFIX_PATH=${CMAKE_PREFIX_PATH}:/opt/ros/jazzy DEBUGINFOD_URLS=https://debuginfod.ubuntu.com /usr/bin/cmake --build /home/chandhan/Documents/ros2/cpp_ws/build/cpp_pkg -- -j16 -l16
[9.679s] DEBUG:colcon.colcon_core.event_handler.log_command:Invoked command in '/home/chandhan/Documents/ros2/cpp_ws/build/cpp_pkg' returned '0': CMAKE_PREFIX_PATH=${CMAKE_PREFIX_PATH}:/opt/ros/jazzy DEBUGINFOD_URLS=https://debuginfod.ubuntu.com /usr/bin/cmake --build /home/chandhan/Documents/ros2/cpp_ws/build/cpp_pkg -- -j16 -l16
[9.687s] DEBUG:colcon.colcon_core.event_handler.log_command:Invoking command in '/home/chandhan/Documents/ros2/cpp_ws/build/cpp_pkg': CMAKE_PREFIX_PATH=${CMAKE_PREFIX_PATH}:/opt/ros/jazzy DEBUGINFOD_URLS=https://debuginfod.ubuntu.com /usr/bin/cmake --install /home/chandhan/Documents/ros2/cpp_ws/build/cpp_pkg
[9.705s] Level 1:colcon.colcon_core.environment:create_environment_scripts_only(cpp_pkg)
[9.706s] DEBUG:colcon.colcon_core.event_handler.log_command:Invoked command in '/home/chandhan/Documents/ros2/cpp_ws/build/cpp_pkg' returned '0': CMAKE_PREFIX_PATH=${CMAKE_PREFIX_PATH}:/opt/ros/jazzy DEBUGINFOD_URLS=https://debuginfod.ubuntu.com /usr/bin/cmake --install /home/chandhan/Documents/ros2/cpp_ws/build/cpp_pkg
[9.708s] Level 1:colcon.colcon_core.environment:checking '/home/chandhan/Documents/ros2/cpp_ws/install/cpp_pkg' for CMake module files
[9.708s] Level 1:colcon.colcon_core.environment:checking '/home/chandhan/Documents/ros2/cpp_ws/install/cpp_pkg' for CMake config files
[9.708s] Level 1:colcon.colcon_core.shell:create_environment_hook('cpp_pkg', 'cmake_prefix_path')
[9.709s] INFO:colcon.colcon_core.shell:Creating environment hook '/home/chandhan/Documents/ros2/cpp_ws/install/cpp_pkg/share/cpp_pkg/hook/cmake_prefix_path.ps1'
[9.709s] INFO:colcon.colcon_core.shell:Creating environment descriptor '/home/chandhan/Documents/ros2/cpp_ws/install/cpp_pkg/share/cpp_pkg/hook/cmake_prefix_path.dsv'
[9.709s] INFO:colcon.colcon_core.shell:Creating environment hook '/home/chandhan/Documents/ros2/cpp_ws/install/cpp_pkg/share/cpp_pkg/hook/cmake_prefix_path.sh'
[9.710s] Level 1:colcon.colcon_core.environment:checking '/home/chandhan/Documents/ros2/cpp_ws/install/cpp_pkg/lib'
[9.710s] Level 1:colcon.colcon_core.environment:checking '/home/chandhan/Documents/ros2/cpp_ws/install/cpp_pkg/bin'
[9.710s] Level 1:colcon.colcon_core.environment:checking '/home/chandhan/Documents/ros2/cpp_ws/install/cpp_pkg/lib/pkgconfig/cpp_pkg.pc'
[9.710s] Level 1:colcon.colcon_core.environment:checking '/home/chandhan/Documents/ros2/cpp_ws/install/cpp_pkg/lib/python3.12/site-packages'
[9.710s] Level 1:colcon.colcon_core.environment:checking '/home/chandhan/Documents/ros2/cpp_ws/install/cpp_pkg/bin'
[9.711s] INFO:colcon.colcon_core.shell:Creating package script '/home/chandhan/Documents/ros2/cpp_ws/install/cpp_pkg/share/cpp_pkg/package.ps1'
[9.711s] INFO:colcon.colcon_core.shell:Creating package descriptor '/home/chandhan/Documents/ros2/cpp_ws/install/cpp_pkg/share/cpp_pkg/package.dsv'
[9.711s] INFO:colcon.colcon_core.shell:Creating package script '/home/chandhan/Documents/ros2/cpp_ws/install/cpp_pkg/share/cpp_pkg/package.sh'
[9.712s] INFO:colcon.colcon_core.shell:Creating package script '/home/chandhan/Documents/ros2/cpp_ws/install/cpp_pkg/share/cpp_pkg/package.bash'
[9.712s] INFO:colcon.colcon_core.shell:Creating package script '/home/chandhan/Documents/ros2/cpp_ws/install/cpp_pkg/share/cpp_pkg/package.zsh'
[9.713s] Level 1:colcon.colcon_core.environment:create_file_with_runtime_dependencies(/home/chandhan/Documents/ros2/cpp_ws/install/cpp_pkg/share/colcon-core/packages/cpp_pkg)
[9.713s] Level 1:colcon.colcon_core.environment:create_environment_scripts_only(cpp_pkg)
[9.713s] Level 1:colcon.colcon_core.environment:checking '/home/chandhan/Documents/ros2/cpp_ws/install/cpp_pkg' for CMake module files
[9.713s] Level 1:colcon.colcon_core.environment:checking '/home/chandhan/Documents/ros2/cpp_ws/install/cpp_pkg' for CMake config files
[9.714s] Level 1:colcon.colcon_core.shell:create_environment_hook('cpp_pkg', 'cmake_prefix_path')
[9.714s] INFO:colcon.colcon_core.shell:Creating environment hook '/home/chandhan/Documents/ros2/cpp_ws/install/cpp_pkg/share/cpp_pkg/hook/cmake_prefix_path.ps1'
[9.714s] INFO:colcon.colcon_core.shell:Creating environment descriptor '/home/chandhan/Documents/ros2/cpp_ws/install/cpp_pkg/share/cpp_pkg/hook/cmake_prefix_path.dsv'
[9.714s] INFO:colcon.colcon_core.shell:Creating environment hook '/home/chandhan/Documents/ros2/cpp_ws/install/cpp_pkg/share/cpp_pkg/hook/cmake_prefix_path.sh'
[9.715s] Level 1:colcon.colcon_core.environment:checking '/home/chandhan/Documents/ros2/cpp_ws/install/cpp_pkg/lib'
[9.715s] Level 1:colcon.colcon_core.environment:checking '/home/chandhan/Documents/ros2/cpp_ws/install/cpp_pkg/bin'
[9.715s] Level 1:colcon.colcon_core.environment:checking '/home/chandhan/Documents/ros2/cpp_ws/install/cpp_pkg/lib/pkgconfig/cpp_pkg.pc'
[9.715s] Level 1:colcon.colcon_core.environment:checking '/home/chandhan/Documents/ros2/cpp_ws/install/cpp_pkg/lib/python3.12/site-packages'
[9.715s] Level 1:colcon.colcon_core.environment:checking '/home/chandhan/Documents/ros2/cpp_ws/install/cpp_pkg/bin'
[9.715s] INFO:colcon.colcon_core.shell:Creating package script '/home/chandhan/Documents/ros2/cpp_ws/install/cpp_pkg/share/cpp_pkg/package.ps1'
[9.715s] INFO:colcon.colcon_core.shell:Creating package descriptor '/home/chandhan/Documents/ros2/cpp_ws/install/cpp_pkg/share/cpp_pkg/package.dsv'
[9.716s] INFO:colcon.colcon_core.shell:Creating package script '/home/chandhan/Documents/ros2/cpp_ws/install/cpp_pkg/share/cpp_pkg/package.sh'
[9.716s] INFO:colcon.colcon_core.shell:Creating package script '/home/chandhan/Documents/ros2/cpp_ws/install/cpp_pkg/share/cpp_pkg/package.bash'
[9.716s] INFO:colcon.colcon_core.shell:Creating package script '/home/chandhan/Documents/ros2/cpp_ws/install/cpp_pkg/share/cpp_pkg/package.zsh'
[9.717s] Level 1:colcon.colcon_core.environment:create_file_with_runtime_dependencies(/home/chandhan/Documents/ros2/cpp_ws/install/cpp_pkg/share/colcon-core/packages/cpp_pkg)
[9.717s] DEBUG:colcon.colcon_parallel_executor.executor.parallel:closing loop
[9.717s] DEBUG:colcon.colcon_parallel_executor.executor.parallel:loop closed
[9.717s] DEBUG:colcon.colcon_parallel_executor.executor.parallel:run_until_complete finished with '0'
[9.717s] DEBUG:colcon.colcon_core.event_reactor:joining thread
[9.721s] INFO:colcon.colcon_core.plugin_system:Skipping extension 'colcon_notification.desktop_notification.terminal_notifier': Not used on non-Darwin systems
[9.721s] INFO:colcon.colcon_core.plugin_system:Skipping extension 'colcon_notification.desktop_notification.win32': Not used on non-Windows systems
[9.721s] INFO:colcon.colcon_notification.desktop_notification:Sending desktop notification using 'notify2'
[9.731s] DEBUG:colcon.colcon_core.event_reactor:joined thread
[9.732s] INFO:colcon.colcon_core.shell:Creating prefix script '/home/chandhan/Documents/ros2/cpp_ws/install/local_setup.ps1'
[9.733s] INFO:colcon.colcon_core.shell:Creating prefix util module '/home/chandhan/Documents/ros2/cpp_ws/install/_local_setup_util_ps1.py'
[9.733s] INFO:colcon.colcon_core.shell:Creating prefix chain script '/home/chandhan/Documents/ros2/cpp_ws/install/setup.ps1'
[9.734s] INFO:colcon.colcon_core.shell:Creating prefix script '/home/chandhan/Documents/ros2/cpp_ws/install/local_setup.sh'
[9.734s] INFO:colcon.colcon_core.shell:Creating prefix util module '/home/chandhan/Documents/ros2/cpp_ws/install/_local_setup_util_sh.py'
[9.735s] INFO:colcon.colcon_core.shell:Creating prefix chain script '/home/chandhan/Documents/ros2/cpp_ws/install/setup.sh'
[9.736s] INFO:colcon.colcon_core.shell:Creating prefix script '/home/chandhan/Documents/ros2/cpp_ws/install/local_setup.bash'
[9.736s] INFO:colcon.colcon_core.shell:Creating prefix chain script '/home/chandhan/Documents/ros2/cpp_ws/install/setup.bash'
[9.737s] INFO:colcon.colcon_core.shell:Creating prefix script '/home/chandhan/Documents/ros2/cpp_ws/install/local_setup.zsh'
[9.737s] INFO:colcon.colcon_core.shell:Creating prefix chain script '/home/chandhan/Documents/ros2/cpp_ws/install/setup.zsh'
