[0.008s] Invoking command in '/home/chandhan/Documents/ros2/cpp_ws/build/cpp_pkg': CMAKE_PREFIX_PATH=${CMAKE_PREFIX_PATH}:/opt/ros/jazzy DEBUGINFOD_URLS=https://debuginfod.ubuntu.com /usr/bin/cmake /home/chandhan/Documents/ros2/cpp_ws/src/cpp_pkg -DCMAKE_INSTALL_PREFIX=/home/chandhan/Documents/ros2/cpp_ws/install/cpp_pkg
[0.088s] -- The C compiler identification is GNU 13.3.0
[0.153s] -- The CXX compiler identification is GNU 13.3.0
[0.169s] -- Detecting C compiler ABI info
[0.244s] -- Detecting C compiler ABI info - done
[0.251s] -- Check for working C compiler: /usr/bin/cc - skipped
[0.251s] -- Detecting C compile features
[0.251s] -- Detecting C compile features - done
[0.259s] -- Detecting CXX compiler ABI info
[0.337s] -- Detecting CXX compiler ABI info - done
[0.344s] -- Check for working CXX compiler: /usr/bin/c++ - skipped
[0.344s] -- Detecting CXX compile features
[0.345s] -- Detecting CXX compile features - done
[0.349s] -- Found ament_cmake: 2.5.4 (/opt/ros/jazzy/share/ament_cmake/cmake)
[0.458s] -- Found Python3: /usr/bin/python3 (found version "3.12.3") found components: Interpreter 
[0.545s] -- Found rclcpp: 28.1.9 (/opt/ros/jazzy/share/rclcpp/cmake)
[0.584s] -- Found rosidl_generator_c: 4.6.5 (/opt/ros/jazzy/share/rosidl_generator_c/cmake)
[0.596s] -- Found rosidl_generator_cpp: 4.6.5 (/opt/ros/jazzy/share/rosidl_generator_cpp/cmake)
[0.611s] -- Using all available rosidl_typesupport_c: rosidl_typesupport_fastrtps_c;rosidl_typesupport_introspection_c
[0.629s] -- Using all available rosidl_typesupport_cpp: rosidl_typesupport_fastrtps_cpp;rosidl_typesupport_introspection_cpp
[0.700s] -- Found rmw_implementation_cmake: 7.3.2 (/opt/ros/jazzy/share/rmw_implementation_cmake/cmake)
[0.703s] -- Found rmw_fastrtps_cpp: 8.4.2 (/opt/ros/jazzy/share/rmw_fastrtps_cpp/cmake)
[0.776s] -- Found OpenSSL: /usr/lib/x86_64-linux-gnu/libcrypto.so (found version "3.0.13")  
[0.791s] -- Found FastRTPS: /opt/ros/jazzy/include (Required is at least version "2.13") 
[0.807s] -- Using RMW implementation 'rmw_fastrtps_cpp' as default
[0.876s] -- Found std_msgs: 5.3.6 (/opt/ros/jazzy/share/std_msgs/cmake)
[0.890s] -- Found ament_lint_auto: 0.17.2 (/opt/ros/jazzy/share/ament_lint_auto/cmake)
[0.967s] -- Added test 'cppcheck' to perform static code analysis on C / C++ code
[0.968s] -- Configured cppcheck include dirs: 
[0.968s] -- Configured cppcheck exclude dirs and/or files: 
[0.968s] -- Added test 'lint_cmake' to check CMake code style
[0.970s] -- Added test 'uncrustify' to check C / C++ code style
[0.970s] -- Configured uncrustify additional arguments: 
[0.970s] -- Added test 'xmllint' to check XML markup files
[0.972s] -- Configuring done (1.0s)
[0.974s] [31mCMake Error at CMakeLists.txt:17 (add_executable):
[0.974s]   Cannot find source file:
[0.974s] 
[0.974s]     src/publisher_node.cpp
[0.974s] 
[0.974s]   Tried extensions .c .C .c++ .cc .cpp .cxx .cu .mpp .m .M .mm .ixx .cppm
[0.974s]   .ccm .cxxm .c++m .h .hh .h++ .hm .hpp .hxx .in .txx .f .F .for .f77 .f90
[0.974s]   .f95 .f03 .hip .ispc
[0.974s] 
[0.975s] [0m
[0.975s] [31mCMake Error at CMakeLists.txt:18 (add_executable):
[0.975s]   Cannot find source file:
[0.975s] 
[0.975s]     src/subscriber_node.cpp
[0.975s] 
[0.975s]   Tried extensions .c .C .c++ .cc .cpp .cxx .cu .mpp .m .M .mm .ixx .cppm
[0.975s]   .ccm .cxxm .c++m .h .hh .h++ .hm .hpp .hxx .in .txx .f .F .for .f77 .f90
[0.975s]   .f95 .f03 .hip .ispc
[0.975s] 
[0.975s] [0m
[0.976s] [31mCMake Error at CMakeLists.txt:17 (add_executable):
[0.976s]   No SOURCES given to target: publisher
[0.976s] 
[0.976s] [0m
[0.976s] [31mCMake Error at CMakeLists.txt:18 (add_executable):
[0.976s]   No SOURCES given to target: subscriber
[0.976s] 
[0.976s] [0m
[0.976s] [0mCMake Generate step failed.  Build files cannot be regenerated correctly.[0m
[0.984s] Invoked command in '/home/chandhan/Documents/ros2/cpp_ws/build/cpp_pkg' returned '1': CMAKE_PREFIX_PATH=${CMAKE_PREFIX_PATH}:/opt/ros/jazzy DEBUGINFOD_URLS=https://debuginfod.ubuntu.com /usr/bin/cmake /home/chandhan/Documents/ros2/cpp_ws/src/cpp_pkg -DCMAKE_INSTALL_PREFIX=/home/chandhan/Documents/ros2/cpp_ws/install/cpp_pkg
