[ 25%] [32mBuilding CXX object CMakeFiles/subscriber.dir/src/subscriber_node.cpp.o[0m
[ 75%] Built target publisher
[100%] [32m[1mLinking CXX executable subscriber[0m
[100%] Built target subscriber
-- Install configuration: ""
-- Installing: /home/chandhan/Documents/ros2/cpp_ws/install/cpp_pkg/lib/cpp_pkg/publisher
-- Set non-toolchain portion of runtime path of "/home/chandhan/Documents/ros2/cpp_ws/install/cpp_pkg/lib/cpp_pkg/publisher" to ""
-- Installing: /home/chandhan/Documents/ros2/cpp_ws/install/cpp_pkg/lib/cpp_pkg/subscriber
-- Set non-toolchain portion of runtime path of "/home/chandhan/Documents/ros2/cpp_ws/install/cpp_pkg/lib/cpp_pkg/subscriber" to ""
-- Installing: /home/chandhan/Documents/ros2/cpp_ws/install/cpp_pkg/share/ament_index/resource_index/package_run_dependencies/cpp_pkg
-- Installing: /home/chandhan/Documents/ros2/cpp_ws/install/cpp_pkg/share/ament_index/resource_index/parent_prefix_path/cpp_pkg
-- Installing: /home/chandhan/Documents/ros2/cpp_ws/install/cpp_pkg/share/cpp_pkg/environment/ament_prefix_path.sh
-- Installing: /home/chandhan/Documents/ros2/cpp_ws/install/cpp_pkg/share/cpp_pkg/environment/ament_prefix_path.dsv
-- Installing: /home/chandhan/Documents/ros2/cpp_ws/install/cpp_pkg/share/cpp_pkg/environment/path.sh
-- Installing: /home/chandhan/Documents/ros2/cpp_ws/install/cpp_pkg/share/cpp_pkg/environment/path.dsv
-- Installing: /home/chandhan/Documents/ros2/cpp_ws/install/cpp_pkg/share/cpp_pkg/local_setup.bash
-- Installing: /home/chandhan/Documents/ros2/cpp_ws/install/cpp_pkg/share/cpp_pkg/local_setup.sh
-- Installing: /home/chandhan/Documents/ros2/cpp_ws/install/cpp_pkg/share/cpp_pkg/local_setup.zsh
-- Installing: /home/chandhan/Documents/ros2/cpp_ws/install/cpp_pkg/share/cpp_pkg/local_setup.dsv
-- Installing: /home/chandhan/Documents/ros2/cpp_ws/install/cpp_pkg/share/cpp_pkg/package.dsv
-- Installing: /home/chandhan/Documents/ros2/cpp_ws/install/cpp_pkg/share/ament_index/resource_index/packages/cpp_pkg
-- Installing: /home/chandhan/Documents/ros2/cpp_ws/install/cpp_pkg/share/cpp_pkg/cmake/cpp_pkgConfig.cmake
-- Installing: /home/chandhan/Documents/ros2/cpp_ws/install/cpp_pkg/share/cpp_pkg/cmake/cpp_pkgConfig-version.cmake
-- Installing: /home/chandhan/Documents/ros2/cpp_ws/install/cpp_pkg/share/cpp_pkg/package.xml
