[0.007s] Invoking command in '/home/chandhan/Documents/ros2/control_ws/build/control_pkg': CMAKE_PREFIX_PATH=${CMAKE_PREFIX_PATH}:/opt/ros/jazzy DEBUGINFOD_URLS=https://debuginfod.ubuntu.com /usr/bin/cmake /home/chandhan/Documents/ros2/control_ws/src/control_pkg -DAMENT_CMAKE_SYMLINK_INSTALL=1 -DCMAKE_INSTALL_PREFIX=/home/chandhan/Documents/ros2/control_ws/install/control_pkg
[0.053s] -- The C compiler identification is GNU 13.3.0
[0.098s] -- The CXX compiler identification is GNU 13.3.0
[0.111s] -- Detecting C compiler ABI info
[0.182s] -- Detecting C compiler ABI info - done
[0.189s] -- Check for working C compiler: /usr/bin/cc - skipped
[0.189s] -- Detecting C compile features
[0.189s] -- Detecting C compile features - done
[0.197s] -- Detecting CXX compiler ABI info
[0.277s] -- Detecting CXX compiler ABI info - done
[0.284s] -- Check for working CXX compiler: /usr/bin/c++ - skipped
[0.284s] -- Detecting CXX compile features
[0.285s] -- Detecting CXX compile features - done
[0.287s] -- Found ament_cmake: 2.5.4 (/opt/ros/jazzy/share/ament_cmake/cmake)
[0.391s] -- Found Python3: /usr/bin/python3 (found version "3.12.3") found components: Interpreter 
[0.444s] -- Override CMake install command with custom implementation using symlinks instead of copying resources
[0.472s] -- Found ament_lint_auto: 0.17.2 (/opt/ros/jazzy/share/ament_lint_auto/cmake)
[0.550s] -- Added test 'flake8' to check Python code syntax and style conventions
[0.550s] -- Configured 'flake8' exclude dirs and/or files: 
[0.551s] -- Added test 'lint_cmake' to check CMake code style
[0.551s] -- Added test 'pep257' to check Python code against some of the docstring style conventions in PEP 257
[0.553s] -- Added test 'xmllint' to check XML markup files
[0.554s] -- Configuring done (0.5s)
[0.557s] -- Generating done (0.0s)
[0.558s] -- Build files have been written to: /home/chandhan/Documents/ros2/control_ws/build/control_pkg
[0.563s] Invoked command in '/home/chandhan/Documents/ros2/control_ws/build/control_pkg' returned '0': CMAKE_PREFIX_PATH=${CMAKE_PREFIX_PATH}:/opt/ros/jazzy DEBUGINFOD_URLS=https://debuginfod.ubuntu.com /usr/bin/cmake /home/chandhan/Documents/ros2/control_ws/src/control_pkg -DAMENT_CMAKE_SYMLINK_INSTALL=1 -DCMAKE_INSTALL_PREFIX=/home/chandhan/Documents/ros2/control_ws/install/control_pkg
[0.564s] Invoking command in '/home/chandhan/Documents/ros2/control_ws/build/control_pkg': CMAKE_PREFIX_PATH=${CMAKE_PREFIX_PATH}:/opt/ros/jazzy DEBUGINFOD_URLS=https://debuginfod.ubuntu.com /usr/bin/cmake --build /home/chandhan/Documents/ros2/control_ws/build/control_pkg -- -j16 -l16
[0.596s] Invoked command in '/home/chandhan/Documents/ros2/control_ws/build/control_pkg' returned '0': CMAKE_PREFIX_PATH=${CMAKE_PREFIX_PATH}:/opt/ros/jazzy DEBUGINFOD_URLS=https://debuginfod.ubuntu.com /usr/bin/cmake --build /home/chandhan/Documents/ros2/control_ws/build/control_pkg -- -j16 -l16
[0.605s] Invoking command in '/home/chandhan/Documents/ros2/control_ws/build/control_pkg': CMAKE_PREFIX_PATH=${CMAKE_PREFIX_PATH}:/opt/ros/jazzy DEBUGINFOD_URLS=https://debuginfod.ubuntu.com /usr/bin/cmake --install /home/chandhan/Documents/ros2/control_ws/build/control_pkg
[0.610s] -- Install configuration: ""
[0.611s] -- Execute custom install script
[0.611s] -- Symlinking: /home/chandhan/Documents/ros2/control_ws/install/control_pkg/share/ament_index/resource_index/package_run_dependencies/control_pkg
[0.618s] -- Symlinking: /home/chandhan/Documents/ros2/control_ws/install/control_pkg/share/ament_index/resource_index/parent_prefix_path/control_pkg
[0.625s] -- Symlinking: /home/chandhan/Documents/ros2/control_ws/install/control_pkg/share/control_pkg/environment/ament_prefix_path.sh
[0.632s] -- Symlinking: /home/chandhan/Documents/ros2/control_ws/install/control_pkg/share/control_pkg/environment/ament_prefix_path.dsv
[0.639s] -- Symlinking: /home/chandhan/Documents/ros2/control_ws/install/control_pkg/share/control_pkg/environment/path.sh
[0.645s] -- Symlinking: /home/chandhan/Documents/ros2/control_ws/install/control_pkg/share/control_pkg/environment/path.dsv
[0.652s] -- Symlinking: /home/chandhan/Documents/ros2/control_ws/install/control_pkg/share/control_pkg/local_setup.bash
[0.659s] -- Symlinking: /home/chandhan/Documents/ros2/control_ws/install/control_pkg/share/control_pkg/local_setup.sh
[0.666s] -- Symlinking: /home/chandhan/Documents/ros2/control_ws/install/control_pkg/share/control_pkg/local_setup.zsh
[0.673s] -- Symlinking: /home/chandhan/Documents/ros2/control_ws/install/control_pkg/share/control_pkg/local_setup.dsv
[0.680s] -- Symlinking: /home/chandhan/Documents/ros2/control_ws/install/control_pkg/share/control_pkg/package.dsv
[0.687s] -- Symlinking: /home/chandhan/Documents/ros2/control_ws/install/control_pkg/share/ament_index/resource_index/packages/control_pkg
[0.696s] -- Symlinking: /home/chandhan/Documents/ros2/control_ws/install/control_pkg/share/control_pkg/cmake/control_pkgConfig.cmake
[0.703s] -- Symlinking: /home/chandhan/Documents/ros2/control_ws/install/control_pkg/share/control_pkg/cmake/control_pkgConfig-version.cmake
[0.711s] -- Symlinking: /home/chandhan/Documents/ros2/control_ws/install/control_pkg/share/control_pkg/package.xml
[0.719s] Invoked command in '/home/chandhan/Documents/ros2/control_ws/build/control_pkg' returned '0': CMAKE_PREFIX_PATH=${CMAKE_PREFIX_PATH}:/opt/ros/jazzy DEBUGINFOD_URLS=https://debuginfod.ubuntu.com /usr/bin/cmake --install /home/chandhan/Documents/ros2/control_ws/build/control_pkg
