[0.008s] Invoking command in '/home/chandhan/Documents/ros2/cpp_ws/build/cpp_pkg': CMAKE_PREFIX_PATH=${CMAKE_PREFIX_PATH}:/opt/ros/jazzy DEBUGINFOD_URLS=https://debuginfod.ubuntu.com /usr/bin/cmake /home/chandhan/Documents/ros2/cpp_ws/src/cpp_pkg -DCMAKE_INSTALL_PREFIX=/home/chandhan/Documents/ros2/cpp_ws/install/cpp_pkg
[0.020s] -- Found ament_cmake: 2.5.4 (/opt/ros/jazzy/share/ament_cmake/cmake)
[0.178s] -- Found rclcpp: 28.1.9 (/opt/ros/jazzy/share/rclcpp/cmake)
[0.202s] -- Found rosidl_generator_c: 4.6.5 (/opt/ros/jazzy/share/rosidl_generator_c/cmake)
[0.209s] -- Found rosidl_generator_cpp: 4.6.5 (/opt/ros/jazzy/share/rosidl_generator_cpp/cmake)
[0.218s] -- Using all available rosidl_typesupport_c: rosidl_typesupport_fastrtps_c;rosidl_typesupport_introspection_c
[0.228s] -- Using all available rosidl_typesupport_cpp: rosidl_typesupport_fastrtps_cpp;rosidl_typesupport_introspection_cpp
[0.274s] -- Found rmw_implementation_cmake: 7.3.2 (/opt/ros/jazzy/share/rmw_implementation_cmake/cmake)
[0.275s] -- Found rmw_fastrtps_cpp: 8.4.2 (/opt/ros/jazzy/share/rmw_fastrtps_cpp/cmake)
[0.325s] -- Using RMW implementation 'rmw_fastrtps_cpp' as default
[0.376s] -- Found std_msgs: 5.3.6 (/opt/ros/jazzy/share/std_msgs/cmake)
[0.387s] -- Found ament_lint_auto: 0.17.2 (/opt/ros/jazzy/share/ament_lint_auto/cmake)
[0.452s] -- Added test 'cppcheck' to perform static code analysis on C / C++ code
[0.452s] -- Configured cppcheck include dirs: 
[0.452s] -- Configured cppcheck exclude dirs and/or files: 
[0.452s] -- Added test 'lint_cmake' to check CMake code style
[0.453s] -- Added test 'uncrustify' to check C / C++ code style
[0.453s] -- Configured uncrustify additional arguments: 
[0.453s] -- Added test 'xmllint' to check XML markup files
[0.454s] -- Configuring done (0.4s)
[0.465s] -- Generating done (0.0s)
[0.469s] -- Build files have been written to: /home/chandhan/Documents/ros2/cpp_ws/build/cpp_pkg
[0.476s] Invoked command in '/home/chandhan/Documents/ros2/cpp_ws/build/cpp_pkg' returned '0': CMAKE_PREFIX_PATH=${CMAKE_PREFIX_PATH}:/opt/ros/jazzy DEBUGINFOD_URLS=https://debuginfod.ubuntu.com /usr/bin/cmake /home/chandhan/Documents/ros2/cpp_ws/src/cpp_pkg -DCMAKE_INSTALL_PREFIX=/home/chandhan/Documents/ros2/cpp_ws/install/cpp_pkg
[0.477s] Invoking command in '/home/chandhan/Documents/ros2/cpp_ws/build/cpp_pkg': CMAKE_PREFIX_PATH=${CMAKE_PREFIX_PATH}:/opt/ros/jazzy DEBUGINFOD_URLS=https://debuginfod.ubuntu.com /usr/bin/cmake --build /home/chandhan/Documents/ros2/cpp_ws/build/cpp_pkg -- -j16 -l16
[0.536s] [ 50%] Built target subscriber
[0.537s] [100%] Built target publisher
[0.546s] Invoked command in '/home/chandhan/Documents/ros2/cpp_ws/build/cpp_pkg' returned '0': CMAKE_PREFIX_PATH=${CMAKE_PREFIX_PATH}:/opt/ros/jazzy DEBUGINFOD_URLS=https://debuginfod.ubuntu.com /usr/bin/cmake --build /home/chandhan/Documents/ros2/cpp_ws/build/cpp_pkg -- -j16 -l16
[0.554s] Invoking command in '/home/chandhan/Documents/ros2/cpp_ws/build/cpp_pkg': CMAKE_PREFIX_PATH=${CMAKE_PREFIX_PATH}:/opt/ros/jazzy DEBUGINFOD_URLS=https://debuginfod.ubuntu.com /usr/bin/cmake --install /home/chandhan/Documents/ros2/cpp_ws/build/cpp_pkg
[0.559s] -- Install configuration: ""
[0.560s] -- Up-to-date: /home/chandhan/Documents/ros2/cpp_ws/install/cpp_pkg/lib/cpp_pkg/publisher
[0.560s] -- Up-to-date: /home/chandhan/Documents/ros2/cpp_ws/install/cpp_pkg/lib/cpp_pkg/subscriber
[0.560s] -- Up-to-date: /home/chandhan/Documents/ros2/cpp_ws/install/cpp_pkg/share/ament_index/resource_index/package_run_dependencies/cpp_pkg
[0.560s] -- Up-to-date: /home/chandhan/Documents/ros2/cpp_ws/install/cpp_pkg/share/ament_index/resource_index/parent_prefix_path/cpp_pkg
[0.561s] -- Up-to-date: /home/chandhan/Documents/ros2/cpp_ws/install/cpp_pkg/share/cpp_pkg/environment/ament_prefix_path.sh
[0.561s] -- Up-to-date: /home/chandhan/Documents/ros2/cpp_ws/install/cpp_pkg/share/cpp_pkg/environment/ament_prefix_path.dsv
[0.561s] -- Up-to-date: /home/chandhan/Documents/ros2/cpp_ws/install/cpp_pkg/share/cpp_pkg/environment/path.sh
[0.561s] -- Up-to-date: /home/chandhan/Documents/ros2/cpp_ws/install/cpp_pkg/share/cpp_pkg/environment/path.dsv
[0.561s] -- Up-to-date: /home/chandhan/Documents/ros2/cpp_ws/install/cpp_pkg/share/cpp_pkg/local_setup.bash
[0.561s] -- Up-to-date: /home/chandhan/Documents/ros2/cpp_ws/install/cpp_pkg/share/cpp_pkg/local_setup.sh
[0.561s] -- Up-to-date: /home/chandhan/Documents/ros2/cpp_ws/install/cpp_pkg/share/cpp_pkg/local_setup.zsh
[0.561s] -- Up-to-date: /home/chandhan/Documents/ros2/cpp_ws/install/cpp_pkg/share/cpp_pkg/local_setup.dsv
[0.561s] -- Installing: /home/chandhan/Documents/ros2/cpp_ws/install/cpp_pkg/share/cpp_pkg/package.dsv
[0.562s] -- Up-to-date: /home/chandhan/Documents/ros2/cpp_ws/install/cpp_pkg/share/ament_index/resource_index/packages/cpp_pkg
[0.562s] -- Up-to-date: /home/chandhan/Documents/ros2/cpp_ws/install/cpp_pkg/share/cpp_pkg/cmake/cpp_pkgConfig.cmake
[0.562s] -- Up-to-date: /home/chandhan/Documents/ros2/cpp_ws/install/cpp_pkg/share/cpp_pkg/cmake/cpp_pkgConfig-version.cmake
[0.562s] -- Up-to-date: /home/chandhan/Documents/ros2/cpp_ws/install/cpp_pkg/share/cpp_pkg/package.xml
[0.563s] Invoked command in '/home/chandhan/Documents/ros2/cpp_ws/build/cpp_pkg' returned '0': CMAKE_PREFIX_PATH=${CMAKE_PREFIX_PATH}:/opt/ros/jazzy DEBUGINFOD_URLS=https://debuginfod.ubuntu.com /usr/bin/cmake --install /home/chandhan/Documents/ros2/cpp_ws/build/cpp_pkg
