[0.007s] Invoking command in '/home/chandhan/Documents/ros2/control_ws/build/control_pkg': CMAKE_PREFIX_PATH=${CMAKE_PREFIX_PATH}:/home/chandhan/Documents/ros2/py_ws/install/py_pkg:/opt/ros/jazzy DEBUGINFOD_URLS=https://debuginfod.ubuntu.com /usr/bin/cmake /home/chandhan/Documents/ros2/control_ws/src/control_pkg -DAMENT_CMAKE_SYMLINK_INSTALL=1 -DCMAKE_INSTALL_PREFIX=/home/chandhan/Documents/ros2/control_ws/install/control_pkg
[0.049s] -- The C compiler identification is GNU 13.3.0
[0.090s] -- The CXX compiler identification is GNU 13.3.0
[0.103s] -- Detecting C compiler ABI info
[0.169s] -- Detecting C compiler ABI info - done
[0.176s] -- Check for working C compiler: /usr/bin/cc - skipped
[0.176s] -- Detecting C compile features
[0.176s] -- Detecting C compile features - done
[0.184s] -- Detecting CXX compiler ABI info
[0.258s] -- Detecting CXX compiler ABI info - done
[0.265s] -- Check for working CXX compiler: /usr/bin/c++ - skipped
[0.265s] -- Detecting CXX compile features
[0.266s] -- Detecting CXX compile features - done
[0.268s] -- Found ament_cmake: 2.5.4 (/opt/ros/jazzy/share/ament_cmake/cmake)
[0.372s] -- Found Python3: /usr/bin/python3 (found version "3.12.3") found components: Interpreter 
[0.422s] -- Override CMake install command with custom implementation using symlinks instead of copying resources
[0.450s] -- Found ament_lint_auto: 0.17.2 (/opt/ros/jazzy/share/ament_lint_auto/cmake)
[0.565s] -- Found rosidl_generator_c: 4.6.5 (/opt/ros/jazzy/share/rosidl_generator_c/cmake)
[0.577s] -- Found rosidl_generator_cpp: 4.6.5 (/opt/ros/jazzy/share/rosidl_generator_cpp/cmake)
[0.590s] -- Using all available rosidl_typesupport_c: rosidl_typesupport_fastrtps_c;rosidl_typesupport_introspection_c
[0.604s] -- Using all available rosidl_typesupport_cpp: rosidl_typesupport_fastrtps_cpp;rosidl_typesupport_introspection_cpp
[0.666s] -- Found rmw_implementation_cmake: 7.3.2 (/opt/ros/jazzy/share/rmw_implementation_cmake/cmake)
[0.668s] -- Found rmw_fastrtps_cpp: 8.4.2 (/opt/ros/jazzy/share/rmw_fastrtps_cpp/cmake)
[0.735s] -- Found OpenSSL: /usr/lib/x86_64-linux-gnu/libcrypto.so (found version "3.0.13")  
[0.749s] -- Found FastRTPS: /opt/ros/jazzy/include (Required is at least version "2.13") 
[0.765s] -- Using RMW implementation 'rmw_fastrtps_cpp' as default
[1.280s] -- Added test 'flake8' to check Python code syntax and style conventions
[1.280s] -- Configured 'flake8' exclude dirs and/or files: 
[1.281s] -- Added test 'lint_cmake' to check CMake code style
[1.281s] -- Added test 'pep257' to check Python code against some of the docstring style conventions in PEP 257
[1.283s] -- Added test 'xmllint' to check XML markup files
[1.284s] -- Configuring done (1.3s)
[1.289s] -- Generating done (0.0s)
[1.291s] -- Build files have been written to: /home/chandhan/Documents/ros2/control_ws/build/control_pkg
[1.300s] Invoked command in '/home/chandhan/Documents/ros2/control_ws/build/control_pkg' returned '0': CMAKE_PREFIX_PATH=${CMAKE_PREFIX_PATH}:/home/chandhan/Documents/ros2/py_ws/install/py_pkg:/opt/ros/jazzy DEBUGINFOD_URLS=https://debuginfod.ubuntu.com /usr/bin/cmake /home/chandhan/Documents/ros2/control_ws/src/control_pkg -DAMENT_CMAKE_SYMLINK_INSTALL=1 -DCMAKE_INSTALL_PREFIX=/home/chandhan/Documents/ros2/control_ws/install/control_pkg
[1.301s] Invoking command in '/home/chandhan/Documents/ros2/control_ws/build/control_pkg': CMAKE_PREFIX_PATH=${CMAKE_PREFIX_PATH}:/home/chandhan/Documents/ros2/py_ws/install/py_pkg:/opt/ros/jazzy DEBUGINFOD_URLS=https://debuginfod.ubuntu.com /usr/bin/cmake --build /home/chandhan/Documents/ros2/control_ws/build/control_pkg -- -j16 -l16
[1.338s] Invoked command in '/home/chandhan/Documents/ros2/control_ws/build/control_pkg' returned '0': CMAKE_PREFIX_PATH=${CMAKE_PREFIX_PATH}:/home/chandhan/Documents/ros2/py_ws/install/py_pkg:/opt/ros/jazzy DEBUGINFOD_URLS=https://debuginfod.ubuntu.com /usr/bin/cmake --build /home/chandhan/Documents/ros2/control_ws/build/control_pkg -- -j16 -l16
[1.346s] Invoking command in '/home/chandhan/Documents/ros2/control_ws/build/control_pkg': CMAKE_PREFIX_PATH=${CMAKE_PREFIX_PATH}:/home/chandhan/Documents/ros2/py_ws/install/py_pkg:/opt/ros/jazzy DEBUGINFOD_URLS=https://debuginfod.ubuntu.com /usr/bin/cmake --install /home/chandhan/Documents/ros2/control_ws/build/control_pkg
[1.352s] -- Install configuration: ""
[1.352s] -- Execute custom install script
[1.353s] -- Symlinking: /home/chandhan/Documents/ros2/control_ws/install/control_pkg/share/ament_index/resource_index/package_run_dependencies/control_pkg
[1.360s] -- Symlinking: /home/chandhan/Documents/ros2/control_ws/install/control_pkg/share/ament_index/resource_index/parent_prefix_path/control_pkg
[1.366s] -- Symlinking: /home/chandhan/Documents/ros2/control_ws/install/control_pkg/share/control_pkg/environment/ament_prefix_path.sh
[1.373s] -- Symlinking: /home/chandhan/Documents/ros2/control_ws/install/control_pkg/share/control_pkg/environment/ament_prefix_path.dsv
[1.379s] -- Symlinking: /home/chandhan/Documents/ros2/control_ws/install/control_pkg/share/control_pkg/environment/path.sh
[1.385s] -- Symlinking: /home/chandhan/Documents/ros2/control_ws/install/control_pkg/share/control_pkg/environment/path.dsv
[1.392s] -- Symlinking: /home/chandhan/Documents/ros2/control_ws/install/control_pkg/share/control_pkg/local_setup.bash
[1.398s] -- Symlinking: /home/chandhan/Documents/ros2/control_ws/install/control_pkg/share/control_pkg/local_setup.sh
[1.405s] -- Symlinking: /home/chandhan/Documents/ros2/control_ws/install/control_pkg/share/control_pkg/local_setup.zsh
[1.412s] -- Symlinking: /home/chandhan/Documents/ros2/control_ws/install/control_pkg/share/control_pkg/local_setup.dsv
[1.418s] -- Symlinking: /home/chandhan/Documents/ros2/control_ws/install/control_pkg/share/control_pkg/package.dsv
[1.425s] -- Symlinking: /home/chandhan/Documents/ros2/control_ws/install/control_pkg/share/ament_index/resource_index/packages/control_pkg
[1.433s] -- Symlinking: /home/chandhan/Documents/ros2/control_ws/install/control_pkg/share/control_pkg/cmake/control_pkgConfig.cmake
[1.439s] -- Symlinking: /home/chandhan/Documents/ros2/control_ws/install/control_pkg/share/control_pkg/cmake/control_pkgConfig-version.cmake
[1.446s] -- Symlinking: /home/chandhan/Documents/ros2/control_ws/install/control_pkg/share/control_pkg/package.xml
[1.454s] Invoked command in '/home/chandhan/Documents/ros2/control_ws/build/control_pkg' returned '0': CMAKE_PREFIX_PATH=${CMAKE_PREFIX_PATH}:/home/chandhan/Documents/ros2/py_ws/install/py_pkg:/opt/ros/jazzy DEBUGINFOD_URLS=https://debuginfod.ubuntu.com /usr/bin/cmake --install /home/chandhan/Documents/ros2/control_ws/build/control_pkg
