[0.007s] Invoking command in '/home/chandhan/Documents/ros2/cpp_ws/build/cpp_pkg': CMAKE_PREFIX_PATH=${CMAKE_PREFIX_PATH}:/opt/ros/jazzy DEBUGINFOD_URLS=https://debuginfod.ubuntu.com /usr/bin/cmake /home/chandhan/Documents/ros2/cpp_ws/src/cpp_pkg -DCMAKE_INSTALL_PREFIX=/home/chandhan/Documents/ros2/cpp_ws/install/cpp_pkg
[0.018s] -- Found ament_cmake: 2.5.4 (/opt/ros/jazzy/share/ament_cmake/cmake)
[0.165s] -- Found rclcpp: 28.1.9 (/opt/ros/jazzy/share/rclcpp/cmake)
[0.184s] -- Found rosidl_generator_c: 4.6.5 (/opt/ros/jazzy/share/rosidl_generator_c/cmake)
[0.191s] -- Found rosidl_generator_cpp: 4.6.5 (/opt/ros/jazzy/share/rosidl_generator_cpp/cmake)
[0.199s] -- Using all available rosidl_typesupport_c: rosidl_typesupport_fastrtps_c;rosidl_typesupport_introspection_c
[0.208s] -- Using all available rosidl_typesupport_cpp: rosidl_typesupport_fastrtps_cpp;rosidl_typesupport_introspection_cpp
[0.254s] -- Found rmw_implementation_cmake: 7.3.2 (/opt/ros/jazzy/share/rmw_implementation_cmake/cmake)
[0.255s] -- Found rmw_fastrtps_cpp: 8.4.2 (/opt/ros/jazzy/share/rmw_fastrtps_cpp/cmake)
[0.301s] -- Using RMW implementation 'rmw_fastrtps_cpp' as default
[0.349s] -- Found std_msgs: 5.3.6 (/opt/ros/jazzy/share/std_msgs/cmake)
[0.360s] -- Found ament_lint_auto: 0.17.2 (/opt/ros/jazzy/share/ament_lint_auto/cmake)
[0.428s] -- Added test 'cppcheck' to perform static code analysis on C / C++ code
[0.429s] -- Configured cppcheck include dirs: 
[0.429s] -- Configured cppcheck exclude dirs and/or files: 
[0.429s] -- Added test 'lint_cmake' to check CMake code style
[0.430s] -- Added test 'uncrustify' to check C / C++ code style
[0.430s] -- Configured uncrustify additional arguments: 
[0.430s] -- Added test 'xmllint' to check XML markup files
[0.431s] -- Configuring done (0.4s)
[0.434s] [31mCMake Error at CMakeLists.txt:17 (add_executable):
[0.434s]   Cannot find source file:
[0.434s] 
[0.434s]     src/publisher_node.cpp
[0.434s] 
[0.434s]   Tried extensions .c .C .c++ .cc .cpp .cxx .cu .mpp .m .M .mm .ixx .cppm
[0.434s]   .ccm .cxxm .c++m .h .hh .h++ .hm .hpp .hxx .in .txx .f .F .for .f77 .f90
[0.434s]   .f95 .f03 .hip .ispc
[0.434s] 
[0.434s] [0m
[0.435s] [31mCMake Error at CMakeLists.txt:18 (add_executable):
[0.435s]   Cannot find source file:
[0.435s] 
[0.435s]     src/subscriber_node.cpp
[0.435s] 
[0.435s]   Tried extensions .c .C .c++ .cc .cpp .cxx .cu .mpp .m .M .mm .ixx .cppm
[0.435s]   .ccm .cxxm .c++m .h .hh .h++ .hm .hpp .hxx .in .txx .f .F .for .f77 .f90
[0.435s]   .f95 .f03 .hip .ispc
[0.435s] 
[0.435s] [0m
[0.436s] [31mCMake Error at CMakeLists.txt:17 (add_executable):
[0.436s]   No SOURCES given to target: publisher
[0.436s] 
[0.436s] [0m
[0.436s] [31mCMake Error at CMakeLists.txt:18 (add_executable):
[0.436s]   No SOURCES given to target: subscriber
[0.436s] 
[0.436s] [0m
[0.436s] [0mCMake Generate step failed.  Build files cannot be regenerated correctly.[0m
[0.442s] Invoked command in '/home/chandhan/Documents/ros2/cpp_ws/build/cpp_pkg' returned '1': CMAKE_PREFIX_PATH=${CMAKE_PREFIX_PATH}:/opt/ros/jazzy DEBUGINFOD_URLS=https://debuginfod.ubuntu.com /usr/bin/cmake /home/chandhan/Documents/ros2/cpp_ws/src/cpp_pkg -DCMAKE_INSTALL_PREFIX=/home/chandhan/Documents/ros2/cpp_ws/install/cpp_pkg
