-- Found ament_cmake: 2.5.4 (/opt/ros/jazzy/share/ament_cmake/cmake)
-- Override CMake install command with custom implementation using symlinks instead of copying resources
-- Found ament_lint_auto: 0.17.2 (/opt/ros/jazzy/share/ament_lint_auto/cmake)
-- Added test 'flake8' to check Python code syntax and style conventions
-- Configured 'flake8' exclude dirs and/or files: 
-- Added test 'lint_cmake' to check CMake code style
-- Added test 'pep257' to check Python code against some of the docstring style conventions in PEP 257
-- Added test 'xmllint' to check XML markup files
-- Configuring done (0.2s)
-- Generating done (0.0s)
-- Build files have been written to: /home/chandhan/Documents/ros2/control_ws/build/control_pkg
-- Install configuration: ""
-- Execute custom install script
-- Up-to-date symlink: /home/chandhan/Documents/ros2/control_ws/install/control_pkg/share/ament_index/resource_index/package_run_dependencies/control_pkg
-- Up-to-date symlink: /home/chandhan/Documents/ros2/control_ws/install/control_pkg/share/ament_index/resource_index/parent_prefix_path/control_pkg
-- Up-to-date symlink: /home/chandhan/Documents/ros2/control_ws/install/control_pkg/share/control_pkg/environment/ament_prefix_path.sh
-- Up-to-date symlink: /home/chandhan/Documents/ros2/control_ws/install/control_pkg/share/control_pkg/environment/ament_prefix_path.dsv
-- Up-to-date symlink: /home/chandhan/Documents/ros2/control_ws/install/control_pkg/share/control_pkg/environment/path.sh
-- Up-to-date symlink: /home/chandhan/Documents/ros2/control_ws/install/control_pkg/share/control_pkg/environment/path.dsv
-- Up-to-date symlink: /home/chandhan/Documents/ros2/control_ws/install/control_pkg/share/control_pkg/local_setup.bash
-- Up-to-date symlink: /home/chandhan/Documents/ros2/control_ws/install/control_pkg/share/control_pkg/local_setup.sh
-- Up-to-date symlink: /home/chandhan/Documents/ros2/control_ws/install/control_pkg/share/control_pkg/local_setup.zsh
-- Up-to-date symlink: /home/chandhan/Documents/ros2/control_ws/install/control_pkg/share/control_pkg/local_setup.dsv
-- Symlinking: /home/chandhan/Documents/ros2/control_ws/install/control_pkg/share/control_pkg/package.dsv
-- Up-to-date symlink: /home/chandhan/Documents/ros2/control_ws/install/control_pkg/share/ament_index/resource_index/packages/control_pkg
-- Up-to-date symlink: /home/chandhan/Documents/ros2/control_ws/install/control_pkg/share/control_pkg/cmake/control_pkgConfig.cmake
-- Up-to-date symlink: /home/chandhan/Documents/ros2/control_ws/install/control_pkg/share/control_pkg/cmake/control_pkgConfig-version.cmake
-- Up-to-date symlink: /home/chandhan/Documents/ros2/control_ws/install/control_pkg/share/control_pkg/package.xml
