[0.008s] Invoking command in '/home/chandhan/Documents/ros2/control_ws/build/control_pkg': CMAKE_PREFIX_PATH=${CMAKE_PREFIX_PATH}:/opt/ros/jazzy DEBUGINFOD_URLS=https://debuginfod.ubuntu.com /usr/bin/cmake --build /home/chandhan/Documents/ros2/control_ws/build/control_pkg -- -j16 -l16
[0.038s] Invoked command in '/home/chandhan/Documents/ros2/control_ws/build/control_pkg' returned '0': CMAKE_PREFIX_PATH=${CMAKE_PREFIX_PATH}:/opt/ros/jazzy DEBUGINFOD_URLS=https://debuginfod.ubuntu.com /usr/bin/cmake --build /home/chandhan/Documents/ros2/control_ws/build/control_pkg -- -j16 -l16
[0.046s] Invoking command in '/home/chandhan/Documents/ros2/control_ws/build/control_pkg': CMAKE_PREFIX_PATH=${CMAKE_PREFIX_PATH}:/opt/ros/jazzy DEBUGINFOD_URLS=https://debuginfod.ubuntu.com /usr/bin/cmake --install /home/chandhan/Documents/ros2/control_ws/build/control_pkg
[0.050s] -- Install configuration: ""
[0.051s] -- Execute custom install script
[0.051s] -- Up-to-date symlink: /home/chandhan/Documents/ros2/control_ws/install/control_pkg/share/control_pkg/launch/display.launch.py
[0.051s] -- Up-to-date symlink: /home/chandhan/Documents/ros2/control_ws/install/control_pkg/share/control_pkg/model/model.ros2_control.xacro
[0.051s] -- Up-to-date symlink: /home/chandhan/Documents/ros2/control_ws/install/control_pkg/share/control_pkg/model/model.xacro
[0.051s] -- Up-to-date symlink: /home/chandhan/Documents/ros2/control_ws/install/control_pkg/share/control_pkg/model/parameters.xacro
[0.051s] -- Up-to-date symlink: /home/chandhan/Documents/ros2/control_ws/install/control_pkg/share/control_pkg/config/robot_controller.yaml
[0.052s] -- Up-to-date symlink: /home/chandhan/Documents/ros2/control_ws/install/control_pkg/share/ament_index/resource_index/package_run_dependencies/control_pkg
[0.052s] -- Up-to-date symlink: /home/chandhan/Documents/ros2/control_ws/install/control_pkg/share/ament_index/resource_index/parent_prefix_path/control_pkg
[0.052s] -- Up-to-date symlink: /home/chandhan/Documents/ros2/control_ws/install/control_pkg/share/control_pkg/environment/ament_prefix_path.sh
[0.052s] -- Up-to-date symlink: /home/chandhan/Documents/ros2/control_ws/install/control_pkg/share/control_pkg/environment/ament_prefix_path.dsv
[0.052s] -- Up-to-date symlink: /home/chandhan/Documents/ros2/control_ws/install/control_pkg/share/control_pkg/environment/path.sh
[0.052s] -- Up-to-date symlink: /home/chandhan/Documents/ros2/control_ws/install/control_pkg/share/control_pkg/environment/path.dsv
[0.052s] -- Up-to-date symlink: /home/chandhan/Documents/ros2/control_ws/install/control_pkg/share/control_pkg/local_setup.bash
[0.052s] -- Up-to-date symlink: /home/chandhan/Documents/ros2/control_ws/install/control_pkg/share/control_pkg/local_setup.sh
[0.052s] -- Up-to-date symlink: /home/chandhan/Documents/ros2/control_ws/install/control_pkg/share/control_pkg/local_setup.zsh
[0.053s] -- Up-to-date symlink: /home/chandhan/Documents/ros2/control_ws/install/control_pkg/share/control_pkg/local_setup.dsv
[0.053s] -- Symlinking: /home/chandhan/Documents/ros2/control_ws/install/control_pkg/share/control_pkg/package.dsv
[0.059s] -- Up-to-date symlink: /home/chandhan/Documents/ros2/control_ws/install/control_pkg/share/ament_index/resource_index/packages/control_pkg
[0.059s] -- Up-to-date symlink: /home/chandhan/Documents/ros2/control_ws/install/control_pkg/share/control_pkg/cmake/control_pkgConfig.cmake
[0.059s] -- Up-to-date symlink: /home/chandhan/Documents/ros2/control_ws/install/control_pkg/share/control_pkg/cmake/control_pkgConfig-version.cmake
[0.059s] -- Up-to-date symlink: /home/chandhan/Documents/ros2/control_ws/install/control_pkg/share/control_pkg/package.xml
[0.061s] Invoked command in '/home/chandhan/Documents/ros2/control_ws/build/control_pkg' returned '0': CMAKE_PREFIX_PATH=${CMAKE_PREFIX_PATH}:/opt/ros/jazzy DEBUGINFOD_URLS=https://debuginfod.ubuntu.com /usr/bin/cmake --install /home/chandhan/Documents/ros2/control_ws/build/control_pkg
