[0.009s] Invoking command in '/home/chandhan/Documents/ros2/cpp_ws/build/cpp_pkg': CMAKE_PREFIX_PATH=${CMAKE_PREFIX_PATH}:/opt/ros/jazzy DEBUGINFOD_URLS=https://debuginfod.ubuntu.com /usr/bin/cmake --build /home/chandhan/Documents/ros2/cpp_ws/build/cpp_pkg -- -j16 -l16
[0.058s] [100%] Built target subscriber
[0.058s] [100%] Built target publisher
[0.067s] Invoked command in '/home/chandhan/Documents/ros2/cpp_ws/build/cpp_pkg' returned '0': CMAKE_PREFIX_PATH=${CMAKE_PREFIX_PATH}:/opt/ros/jazzy DEBUGINFOD_URLS=https://debuginfod.ubuntu.com /usr/bin/cmake --build /home/chandhan/Documents/ros2/cpp_ws/build/cpp_pkg -- -j16 -l16
[0.075s] Invoking command in '/home/chandhan/Documents/ros2/cpp_ws/build/cpp_pkg': CMAKE_PREFIX_PATH=${CMAKE_PREFIX_PATH}:/opt/ros/jazzy DEBUGINFOD_URLS=https://debuginfod.ubuntu.com /usr/bin/cmake --install /home/chandhan/Documents/ros2/cpp_ws/build/cpp_pkg
[0.081s] -- Install configuration: ""
[0.081s] -- Up-to-date: /home/chandhan/Documents/ros2/cpp_ws/install/cpp_pkg/lib/cpp_pkg/publisher
[0.081s] -- Up-to-date: /home/chandhan/Documents/ros2/cpp_ws/install/cpp_pkg/lib/cpp_pkg/subscriber
[0.081s] -- Up-to-date: /home/chandhan/Documents/ros2/cpp_ws/install/cpp_pkg/share/ament_index/resource_index/package_run_dependencies/cpp_pkg
[0.081s] -- Up-to-date: /home/chandhan/Documents/ros2/cpp_ws/install/cpp_pkg/share/ament_index/resource_index/parent_prefix_path/cpp_pkg
[0.081s] -- Up-to-date: /home/chandhan/Documents/ros2/cpp_ws/install/cpp_pkg/share/cpp_pkg/environment/ament_prefix_path.sh
[0.081s] -- Up-to-date: /home/chandhan/Documents/ros2/cpp_ws/install/cpp_pkg/share/cpp_pkg/environment/ament_prefix_path.dsv
[0.081s] -- Up-to-date: /home/chandhan/Documents/ros2/cpp_ws/install/cpp_pkg/share/cpp_pkg/environment/path.sh
[0.082s] -- Up-to-date: /home/chandhan/Documents/ros2/cpp_ws/install/cpp_pkg/share/cpp_pkg/environment/path.dsv
[0.082s] -- Up-to-date: /home/chandhan/Documents/ros2/cpp_ws/install/cpp_pkg/share/cpp_pkg/local_setup.bash
[0.082s] -- Up-to-date: /home/chandhan/Documents/ros2/cpp_ws/install/cpp_pkg/share/cpp_pkg/local_setup.sh
[0.082s] -- Up-to-date: /home/chandhan/Documents/ros2/cpp_ws/install/cpp_pkg/share/cpp_pkg/local_setup.zsh
[0.082s] -- Up-to-date: /home/chandhan/Documents/ros2/cpp_ws/install/cpp_pkg/share/cpp_pkg/local_setup.dsv
[0.082s] -- Installing: /home/chandhan/Documents/ros2/cpp_ws/install/cpp_pkg/share/cpp_pkg/package.dsv
[0.082s] -- Up-to-date: /home/chandhan/Documents/ros2/cpp_ws/install/cpp_pkg/share/ament_index/resource_index/packages/cpp_pkg
[0.082s] -- Up-to-date: /home/chandhan/Documents/ros2/cpp_ws/install/cpp_pkg/share/cpp_pkg/cmake/cpp_pkgConfig.cmake
[0.082s] -- Up-to-date: /home/chandhan/Documents/ros2/cpp_ws/install/cpp_pkg/share/cpp_pkg/cmake/cpp_pkgConfig-version.cmake
[0.082s] -- Up-to-date: /home/chandhan/Documents/ros2/cpp_ws/install/cpp_pkg/share/cpp_pkg/package.xml
[0.083s] Invoked command in '/home/chandhan/Documents/ros2/cpp_ws/build/cpp_pkg' returned '0': CMAKE_PREFIX_PATH=${CMAKE_PREFIX_PATH}:/opt/ros/jazzy DEBUGINFOD_URLS=https://debuginfod.ubuntu.com /usr/bin/cmake --install /home/chandhan/Documents/ros2/cpp_ws/build/cpp_pkg
