running egg_info
creating ../../build/py_pkg/py_pkg.egg-info
writing ../../build/py_pkg/py_pkg.egg-info/PKG-INFO
writing dependency_links to ../../build/py_pkg/py_pkg.egg-info/dependency_links.txt
writing entry points to ../../build/py_pkg/py_pkg.egg-info/entry_points.txt
writing requirements to ../../build/py_pkg/py_pkg.egg-info/requires.txt
writing top-level names to ../../build/py_pkg/py_pkg.egg-info/top_level.txt
writing manifest file '../../build/py_pkg/py_pkg.egg-info/SOURCES.txt'
reading manifest file '../../build/py_pkg/py_pkg.egg-info/SOURCES.txt'
writing manifest file '../../build/py_pkg/py_pkg.egg-info/SOURCES.txt'
running build
running build_py
creating /home/chandhan/Documents/ros2/py_ws/build/py_pkg/build
creating /home/chandhan/Documents/ros2/py_ws/build/py_pkg/build/lib
creating /home/chandhan/Documents/ros2/py_ws/build/py_pkg/build/lib/py_pkg
copying py_pkg/subscriber_node.py -> /home/chandhan/Documents/ros2/py_ws/build/py_pkg/build/lib/py_pkg
copying py_pkg/publisher_node.py -> /home/chandhan/Documents/ros2/py_ws/build/py_pkg/build/lib/py_pkg
copying py_pkg/__init__.py -> /home/chandhan/Documents/ros2/py_ws/build/py_pkg/build/lib/py_pkg
running install
running install_lib
creating /home/chandhan/Documents/ros2/py_ws/install/py_pkg/lib/python3.12/site-packages/py_pkg
copying /home/chandhan/Documents/ros2/py_ws/build/py_pkg/build/lib/py_pkg/subscriber_node.py -> /home/chandhan/Documents/ros2/py_ws/install/py_pkg/lib/python3.12/site-packages/py_pkg
copying /home/chandhan/Documents/ros2/py_ws/build/py_pkg/build/lib/py_pkg/publisher_node.py -> /home/chandhan/Documents/ros2/py_ws/install/py_pkg/lib/python3.12/site-packages/py_pkg
copying /home/chandhan/Documents/ros2/py_ws/build/py_pkg/build/lib/py_pkg/__init__.py -> /home/chandhan/Documents/ros2/py_ws/install/py_pkg/lib/python3.12/site-packages/py_pkg
byte-compiling /home/chandhan/Documents/ros2/py_ws/install/py_pkg/lib/python3.12/site-packages/py_pkg/subscriber_node.py to subscriber_node.cpython-312.pyc
byte-compiling /home/chandhan/Documents/ros2/py_ws/install/py_pkg/lib/python3.12/site-packages/py_pkg/publisher_node.py to publisher_node.cpython-312.pyc
byte-compiling /home/chandhan/Documents/ros2/py_ws/install/py_pkg/lib/python3.12/site-packages/py_pkg/__init__.py to __init__.cpython-312.pyc
running install_data
creating /home/chandhan/Documents/ros2/py_ws/install/py_pkg/share/ament_index
creating /home/chandhan/Documents/ros2/py_ws/install/py_pkg/share/ament_index/resource_index
creating /home/chandhan/Documents/ros2/py_ws/install/py_pkg/share/ament_index/resource_index/packages
copying resource/py_pkg -> /home/chandhan/Documents/ros2/py_ws/install/py_pkg/share/ament_index/resource_index/packages
copying package.xml -> /home/chandhan/Documents/ros2/py_ws/install/py_pkg/share/py_pkg
running install_egg_info
Copying ../../build/py_pkg/py_pkg.egg-info to /home/chandhan/Documents/ros2/py_ws/install/py_pkg/lib/python3.12/site-packages/py_pkg-0.0.0-py3.12.egg-info
running install_scripts
Installing publisher_node_py script to /home/chandhan/Documents/ros2/py_ws/install/py_pkg/lib/py_pkg
Installing subscriber_node_py script to /home/chandhan/Documents/ros2/py_ws/install/py_pkg/lib/py_pkg
writing list of installed files to '/home/chandhan/Documents/ros2/py_ws/build/py_pkg/install.log'
