[0.579s] Invoking command in '/home/chandhan/Documents/ros2/py_ws/src/py_pkg': DEBUGINFOD_URLS=https://debuginfod.ubuntu.com PYTHONPATH=/home/chandhan/Documents/ros2/py_ws/build/py_pkg/prefix_override:/usr/lib/python3/dist-packages/colcon_core/task/python/colcon_distutils_commands:/home/chandhan/Documents/ros2/py_ws/install/py_pkg/lib/python3.12/site-packages:${PYTHONPATH} /usr/bin/python3 -W ignore:setup.py install is deprecated -W ignore:easy_install command is deprecated setup.py egg_info --egg-base ../../build/py_pkg build --build-base /home/chandhan/Documents/ros2/py_ws/build/py_pkg/build install --record /home/chandhan/Documents/ros2/py_ws/build/py_pkg/install.log --single-version-externally-managed install_data
[0.768s] running egg_info
[0.768s] creating ../../build/py_pkg/py_pkg.egg-info
[0.781s] writing ../../build/py_pkg/py_pkg.egg-info/PKG-INFO
[0.782s] writing dependency_links to ../../build/py_pkg/py_pkg.egg-info/dependency_links.txt
[0.782s] writing entry points to ../../build/py_pkg/py_pkg.egg-info/entry_points.txt
[0.782s] writing requirements to ../../build/py_pkg/py_pkg.egg-info/requires.txt
[0.782s] writing top-level names to ../../build/py_pkg/py_pkg.egg-info/top_level.txt
[0.782s] writing manifest file '../../build/py_pkg/py_pkg.egg-info/SOURCES.txt'
[0.811s] reading manifest file '../../build/py_pkg/py_pkg.egg-info/SOURCES.txt'
[0.811s] writing manifest file '../../build/py_pkg/py_pkg.egg-info/SOURCES.txt'
[0.812s] running build
[0.812s] running build_py
[0.812s] creating /home/chandhan/Documents/ros2/py_ws/build/py_pkg/build
[0.812s] creating /home/chandhan/Documents/ros2/py_ws/build/py_pkg/build/lib
[0.812s] creating /home/chandhan/Documents/ros2/py_ws/build/py_pkg/build/lib/py_pkg
[0.812s] copying py_pkg/subscriber_node.py -> /home/chandhan/Documents/ros2/py_ws/build/py_pkg/build/lib/py_pkg
[0.812s] copying py_pkg/publisher_node.py -> /home/chandhan/Documents/ros2/py_ws/build/py_pkg/build/lib/py_pkg
[0.812s] copying py_pkg/__init__.py -> /home/chandhan/Documents/ros2/py_ws/build/py_pkg/build/lib/py_pkg
[0.813s] running install
[0.817s] running install_lib
[0.832s] creating /home/chandhan/Documents/ros2/py_ws/install/py_pkg/lib/python3.12/site-packages/py_pkg
[0.832s] copying /home/chandhan/Documents/ros2/py_ws/build/py_pkg/build/lib/py_pkg/subscriber_node.py -> /home/chandhan/Documents/ros2/py_ws/install/py_pkg/lib/python3.12/site-packages/py_pkg
[0.832s] copying /home/chandhan/Documents/ros2/py_ws/build/py_pkg/build/lib/py_pkg/publisher_node.py -> /home/chandhan/Documents/ros2/py_ws/install/py_pkg/lib/python3.12/site-packages/py_pkg
[0.832s] copying /home/chandhan/Documents/ros2/py_ws/build/py_pkg/build/lib/py_pkg/__init__.py -> /home/chandhan/Documents/ros2/py_ws/install/py_pkg/lib/python3.12/site-packages/py_pkg
[0.833s] byte-compiling /home/chandhan/Documents/ros2/py_ws/install/py_pkg/lib/python3.12/site-packages/py_pkg/subscriber_node.py to subscriber_node.cpython-312.pyc
[0.833s] byte-compiling /home/chandhan/Documents/ros2/py_ws/install/py_pkg/lib/python3.12/site-packages/py_pkg/publisher_node.py to publisher_node.cpython-312.pyc
[0.834s] byte-compiling /home/chandhan/Documents/ros2/py_ws/install/py_pkg/lib/python3.12/site-packages/py_pkg/__init__.py to __init__.cpython-312.pyc
[0.834s] running install_data
[0.834s] creating /home/chandhan/Documents/ros2/py_ws/install/py_pkg/share/ament_index
[0.834s] creating /home/chandhan/Documents/ros2/py_ws/install/py_pkg/share/ament_index/resource_index
[0.834s] creating /home/chandhan/Documents/ros2/py_ws/install/py_pkg/share/ament_index/resource_index/packages
[0.834s] copying resource/py_pkg -> /home/chandhan/Documents/ros2/py_ws/install/py_pkg/share/ament_index/resource_index/packages
[0.834s] copying package.xml -> /home/chandhan/Documents/ros2/py_ws/install/py_pkg/share/py_pkg
[0.834s] running install_egg_info
[0.849s] Copying ../../build/py_pkg/py_pkg.egg-info to /home/chandhan/Documents/ros2/py_ws/install/py_pkg/lib/python3.12/site-packages/py_pkg-0.0.0-py3.12.egg-info
[0.851s] running install_scripts
[0.954s] Installing publisher_node_py script to /home/chandhan/Documents/ros2/py_ws/install/py_pkg/lib/py_pkg
[0.954s] Installing subscriber_node_py script to /home/chandhan/Documents/ros2/py_ws/install/py_pkg/lib/py_pkg
[0.954s] writing list of installed files to '/home/chandhan/Documents/ros2/py_ws/build/py_pkg/install.log'
[0.974s] Invoked command in '/home/chandhan/Documents/ros2/py_ws/src/py_pkg' returned '0': DEBUGINFOD_URLS=https://debuginfod.ubuntu.com PYTHONPATH=/home/chandhan/Documents/ros2/py_ws/build/py_pkg/prefix_override:/usr/lib/python3/dist-packages/colcon_core/task/python/colcon_distutils_commands:/home/chandhan/Documents/ros2/py_ws/install/py_pkg/lib/python3.12/site-packages:${PYTHONPATH} /usr/bin/python3 -W ignore:setup.py install is deprecated -W ignore:easy_install command is deprecated setup.py egg_info --egg-base ../../build/py_pkg build --build-base /home/chandhan/Documents/ros2/py_ws/build/py_pkg/build install --record /home/chandhan/Documents/ros2/py_ws/build/py_pkg/install.log --single-version-externally-managed install_data
